#
# A fatal error has been detected by the Java Runtime Environment:
#
#  EXCEPTION_ACCESS_VIOLATION (0xc0000005) at pc=0x000000006d19a85d, pid=10788, tid=10300
#
# JRE version: 6.0_26-b03
# Java VM: Java HotSpot(TM) 64-Bit Server VM (20.1-b02 mixed mode windows-amd64 compressed oops)
# Problematic frame:
# C  [awt.dll+0xfa85d]
#
# If you would like to submit a bug report, please visit:
#   http://java.sun.com/webapps/bugreport/crash.jsp
# The crash happened outside the Java Virtual Machine in native code.
# See problematic frame for where to report the bug.
#

---------------  T H R E A D  ---------------

Current thread (0x00000000088dd000):  JavaThread "AWT-Windows" daemon [_thread_in_native, id=10300, stack(0x0000000009bd0000,0x0000000009cd0000)]

siginfo: ExceptionCode=0xc0000005, reading address 0x0000000000000000

Registers:
RAX=0x0000000000002000, RBX=0x000000000ace26f0, RCX=0x0000000000000000, RDX=0x0000000000000212
RSP=0x0000000009ccf3f0, RBP=0x0000000000000000, RSI=0x0000000000000006, RDI=0x0000000000000000
R8 =0x0000000000000006, R9 =0x0000000000001000, R10=0x0000000000000000, R11=0x000000006df952c0
R12=0x0000000000000000, R13=0x00000000fb123460, R14=0x0000000009ccf6b8, R15=0x00000000088dd000
RIP=0x000000006d19a85d, EFLAGS=0x0000000000010206

Top of Stack: (sp=0x0000000009ccf3f0)
0x0000000009ccf3f0:   0000000000000000 0000000076cbf674
0x0000000009ccf400:   0000000000000000 000007fefece1574
0x0000000009ccf410:   000007feff3450c0 0000000000000000
0x0000000009ccf420:   0000000000000000 0000000000000000
0x0000000009ccf430:   0000000000000000 000000006d9c34e8
0x0000000009ccf440:   0000000000000000 000000006d18e30b
0x0000000009ccf450:   000000000aabab60 00000000088dd1d0
0x0000000009ccf460:   0000000000000001 0000000000000000
0x0000000009ccf470:   00000000088dd1d0 000000006d18e40b
0x0000000009ccf480:   0000000000000000 000000006d171abc
0x0000000009ccf490:   000000000aabab60 0000000000000000
0x0000000009ccf4a0:   00000000088dd1d0 000000006d18e548
0x0000000009ccf4b0:   fffff88000000082 000000000aabab60
0x0000000009ccf4c0:   0000000000000001 0000000000000000
0x0000000009ccf4d0:   000000000aabab60 000000006d12224e
0x0000000009ccf4e0:   000000000021c3d0 0000000009ccf698 

Instructions: (pc=0x000000006d19a85d)
0x000000006d19a83d:   e9 11 01 00 00 48 8b 89 10 a0 00 00 85 d2 b8 00
0x000000006d19a84d:   20 00 00 41 b9 00 10 00 00 44 8b c6 44 0f 44 c8
0x000000006d19a85d:   48 8b 01 41 c1 e0 05 44 89 4c 24 20 4c 8d 4c 24
0x000000006d19a86d:   30 c1 e2 05 ff 50 58 33 ff 85 c0 44 8b d8 0f 88 


Register to memory mapping:

RAX=0x0000000000002000 is an unknown value
RBX=0x000000000ace26f0 is an unknown value
RCX=0x0000000000000000 is an unknown value
RDX=0x0000000000000212 is an unknown value
RSP=0x0000000009ccf3f0 is pointing into the stack for thread: 0x00000000088dd000
RBP=0x0000000000000000 is an unknown value
RSI=0x0000000000000006 is an unknown value
RDI=0x0000000000000000 is an unknown value
R8 =0x0000000000000006 is an unknown value
R9 =0x0000000000001000 is an unknown value
R10=0x0000000000000000 is an unknown value
R11=0x000000006df952c0 is an unknown value
R12=0x0000000000000000 is an unknown value
R13=0x00000000fb123460 is an oop
{method} 
 - klass: {other class}
R14=0x0000000009ccf6b8 is pointing into the stack for thread: 0x00000000088dd000
R15=0x00000000088dd000 is a thread


Stack: [0x0000000009bd0000,0x0000000009cd0000],  sp=0x0000000009ccf3f0,  free space=1020k
Native frames: (J=compiled Java code, j=interpreted, Vv=VM code, C=native code)
C  [awt.dll+0xfa85d]  D3DVertexCacher::Render+0x5d

[error occurred during error reporting (printing native stack), id 0xc0000005]

Java frames: (J=compiled Java code, j=interpreted, Vv=VM code)
j  sun.awt.windows.WToolkit.eventLoop()V+0
j  sun.awt.windows.WToolkit.run()V+52
j  java.lang.Thread.run()V+11
v  ~StubRoutines::call_stub

---------------  P R O C E S S  ---------------

Java Threads: ( => current thread )
  0x000000000b212800 JavaThread "Thread-1" daemon [_thread_in_native, id=11560, stack(0x000000000b950000,0x000000000ba50000)]
  0x000000000b211000 JavaThread "RMI TCP Connection(52)-127.0.0.1" daemon [_thread_in_native, id=5984, stack(0x000000000b540000,0x000000000b640000)]
  0x000000000b210800 JavaThread "Headspace mixer frame proc thread" daemon [_thread_blocked, id=7476, stack(0x0000000010fb0000,0x00000000110b0000)]
  0x000000000b20c000 JavaThread "TimerQueue" daemon [_thread_blocked, id=6696, stack(0x00000000107d0000,0x00000000108d0000)]
  0x000000000b20f800 JavaThread "Java Sound Event Dispatcher" daemon [_thread_blocked, id=12388, stack(0x00000000104d0000,0x00000000105d0000)]
  0x000000000b20e800 JavaThread "main" [_thread_blocked, id=7968, stack(0x000000000f470000,0x000000000f570000)]
  0x000000000aa63000 JavaThread "SimulationThread" [_thread_blocked, id=10504, stack(0x000000000e0a0000,0x000000000e1a0000)]
  0x000000000aa61000 JavaThread "AWT-EventQueue-0" [_thread_in_native, id=8516, stack(0x000000000dda0000,0x000000000dea0000)]
  0x000000000aa60800 JavaThread "AWT-Shutdown" [_thread_blocked, id=6412, stack(0x0000000009ad0000,0x0000000009bd0000)]
  0x000000000ab31000 JavaThread "RMI Reaper" [_thread_blocked, id=12764, stack(0x000000000b850000,0x000000000b950000)]
  0x000000000aa64800 JavaThread "RMI TCP Accept-0" daemon [_thread_in_native, id=7240, stack(0x000000000b750000,0x000000000b850000)]
  0x000000000a055800 JavaThread "GC Daemon" daemon [_thread_blocked, id=11804, stack(0x000000000b240000,0x000000000b340000)]
  0x000000000a054800 JavaThread "RMI RenewClean-[127.0.0.1:62211]" daemon [_thread_blocked, id=12140, stack(0x000000000a820000,0x000000000a920000)]
  0x000000000a1ea800 JavaThread "RMI Scheduler(0)" daemon [_thread_blocked, id=11008, stack(0x000000000a680000,0x000000000a780000)]
  0x000000000072c800 JavaThread "DestroyJavaVM" [_thread_blocked, id=12520, stack(0x0000000002220000,0x0000000002320000)]
  0x00000000088f3800 JavaThread "BlueJ worker thread" [_thread_blocked, id=13220, stack(0x0000000009dd0000,0x0000000009ed0000)]
=>0x00000000088dd000 JavaThread "AWT-Windows" daemon [_thread_in_native, id=10300, stack(0x0000000009bd0000,0x0000000009cd0000)]
  0x0000000008883000 JavaThread "Java2D Disposer" daemon [_thread_blocked, id=8072, stack(0x00000000099d0000,0x0000000009ad0000)]
  0x0000000008816800 JavaThread "Low Memory Detector" daemon [_thread_blocked, id=9588, stack(0x0000000009350000,0x0000000009450000)]
  0x0000000008812800 JavaThread "C2 CompilerThread1" daemon [_thread_blocked, id=5600, stack(0x0000000009250000,0x0000000009350000)]
  0x0000000008811800 JavaThread "C2 CompilerThread0" daemon [_thread_blocked, id=12144, stack(0x0000000009150000,0x0000000009250000)]
  0x0000000008803000 JavaThread "JDWP Event Helper Thread" daemon [_thread_blocked, id=8188, stack(0x0000000008f50000,0x0000000009050000)]
  0x00000000087f0000 JavaThread "Attach Listener" daemon [_thread_blocked, id=1148, stack(0x0000000008d50000,0x0000000008e50000)]
  0x00000000087eb000 JavaThread "Signal Dispatcher" daemon [_thread_blocked, id=8488, stack(0x0000000008c50000,0x0000000008d50000)]
  0x00000000087e9000 JavaThread "Surrogate Locker Thread (Concurrent GC)" daemon [_thread_blocked, id=12100, stack(0x0000000008b50000,0x0000000008c50000)]
  0x0000000008791800 JavaThread "Finalizer" daemon [_thread_blocked, id=5976, stack(0x0000000008a50000,0x0000000008b50000)]
  0x0000000008790000 JavaThread "Reference Handler" daemon [_thread_blocked, id=8216, stack(0x0000000008950000,0x0000000008a50000)]

Other Threads:
  0x0000000008788000 VMThread [stack: 0x00000000085c0000,0x00000000086c0000] [id=6204]
  0x0000000008835800 WatcherThread [stack: 0x0000000009450000,0x0000000009550000] [id=11496]

VM state:not at safepoint (normal execution)

VM Mutex/Monitor currently owned by a thread: None

Heap
 par new generation   total 19136K, used 9999K [0x00000000f3000000, 0x00000000f44c0000, 0x00000000f44c0000)
  eden space 17024K,  52% used [0x00000000f3000000, 0x00000000f38c5148, 0x00000000f40a0000)
  from space 2112K,  48% used [0x00000000f42b0000, 0x00000000f43aed68, 0x00000000f44c0000)
  to   space 2112K,   0% used [0x00000000f40a0000, 0x00000000f40a0000, 0x00000000f42b0000)
 concurrent mark-sweep generation total 99548K, used 49136K [0x00000000f44c0000, 0x00000000fa5f7000, 0x00000000fae00000)
 concurrent-mark-sweep perm gen total 36384K, used 22512K [0x00000000fae00000, 0x00000000fd188000, 0x0000000100000000)

Code Cache  [0x0000000002320000, 0x00000000025b0000, 0x0000000005320000)
 total_blobs=1265 nmethods=794 adapters=431 free_code_cache=47754624 largest_free_block=11840

Dynamic libraries:
0x0000000000400000 - 0x000000000042e000 	C:\Program Files\Java\jdk1.6.0_26\jre\bin\java.exe
0x00000000770e0000 - 0x0000000077289000 	C:\Windows\SYSTEM32\ntdll.dll
0x0000000076fc0000 - 0x00000000770df000 	C:\Windows\system32\kernel32.dll
0x000007fefd8a0000 - 0x000007fefd90c000 	C:\Windows\system32\KERNELBASE.dll
0x000007fefeff0000 - 0x000007feff0cb000 	C:\Windows\system32\ADVAPI32.dll
0x000007fefd990000 - 0x000007fefda2f000 	C:\Windows\system32\msvcrt.dll
0x000007feff0d0000 - 0x000007feff0ef000 	C:\Windows\SYSTEM32\sechost.dll
0x000007fefdce0000 - 0x000007fefde0d000 	C:\Windows\system32\RPCRT4.dll
0x000007fefd410000 - 0x000007fefd467000 	C:\Windows\system32\apphelp.dll
0x000007feefa50000 - 0x000007feefaa1000 	C:\Windows\AppPatch\AppPatch64\AcGenral.DLL
0x000007fefd3e0000 - 0x000007fefd405000 	C:\Windows\system32\SspiCli.dll
0x000007fefef70000 - 0x000007fefefe1000 	C:\Windows\system32\SHLWAPI.dll
0x000007fefda80000 - 0x000007fefdae7000 	C:\Windows\system32\GDI32.dll
0x0000000076cb0000 - 0x0000000076daa000 	C:\Windows\system32\USER32.dll
0x000007feff0f0000 - 0x000007feff0fe000 	C:\Windows\system32\LPK.dll
0x000007fefee40000 - 0x000007fefef09000 	C:\Windows\system32\USP10.dll
0x000007feff1e0000 - 0x000007feff3e3000 	C:\Windows\system32\ole32.dll
0x000007fefdf50000 - 0x000007fefecd8000 	C:\Windows\system32\SHELL32.dll
0x0000000074000000 - 0x0000000074003000 	C:\Windows\system32\sfc.dll
0x000007fef8e90000 - 0x000007fef8ea0000 	C:\Windows\system32\sfc_os.DLL
0x000007fefc890000 - 0x000007fefc8ae000 	C:\Windows\system32\USERENV.dll
0x000007fefd540000 - 0x000007fefd54f000 	C:\Windows\system32\profapi.dll
0x000007fefb9b0000 - 0x000007fefb9c8000 	C:\Windows\system32\dwmapi.dll
0x000007fefa520000 - 0x000007fefa538000 	C:\Windows\system32\MPR.dll
0x000007fefece0000 - 0x000007fefed0e000 	C:\Windows\system32\IMM32.DLL
0x000007fefed30000 - 0x000007fefee39000 	C:\Windows\system32\MSCTF.dll
0x000000006d890000 - 0x000000006e048000 	C:\Program Files\Java\jdk1.6.0_26\jre\bin\server\jvm.dll
0x000007fefb120000 - 0x000007fefb15b000 	C:\Windows\system32\WINMM.dll
0x000000006d800000 - 0x000000006d80e000 	C:\Program Files\Java\jdk1.6.0_26\jre\bin\verify.dll
0x000000006d450000 - 0x000000006d477000 	C:\Program Files\Java\jdk1.6.0_26\jre\bin\java.dll
0x00000000772b0000 - 0x00000000772b7000 	C:\Windows\system32\PSAPI.DLL
0x000000006d4c0000 - 0x000000006d4f4000 	C:\Program Files\Java\jdk1.6.0_26\jre\bin\jdwp.dll
0x000000006d6d0000 - 0x000000006d6d8000 	C:\Program Files\Java\jdk1.6.0_26\jre\bin\npt.dll
0x000000006d850000 - 0x000000006d862000 	C:\Program Files\Java\jdk1.6.0_26\jre\bin\zip.dll
0x000000006d300000 - 0x000000006d30a000 	C:\Program Files\Java\jdk1.6.0_26\jre\bin\dt_shmem.dll
0x000000006d0a0000 - 0x000000006d263000 	C:\Program Files\Java\jdk1.6.0_26\jre\bin\awt.dll
0x000007fef8430000 - 0x000007fef84a1000 	C:\Windows\system32\WINSPOOL.DRV
0x000007fefc160000 - 0x000007fefc354000 	C:\Windows\WinSxS\amd64_microsoft.windows.common-controls_6595b64144ccf1df_6.0.7601.17514_none_fa396087175ac9ac\COMCTL32.dll
0x000007fef6a30000 - 0x000007fef6ad0000 	C:\Windows\WinSxS\amd64_microsoft.windows.common-controls_6595b64144ccf1df_5.82.7601.17514_none_a4d6a923711520a9\comctl32.dll
0x000007fefbde0000 - 0x000007fefbe36000 	C:\Windows\system32\uxtheme.dll
0x000007fefd470000 - 0x000007fefd47f000 	C:\Windows\system32\CRYPTBASE.dll
0x000007fefcdf0000 - 0x000007fefce07000 	C:\Windows\system32\CRYPTSP.dll
0x000007fefcaf0000 - 0x000007fefcb37000 	C:\Windows\system32\rsaenh.dll
0x000000006d6a0000 - 0x000000006d6b7000 	C:\Program Files\Java\jdk1.6.0_26\jre\bin\net.dll
0x000007fefda30000 - 0x000007fefda7d000 	C:\Windows\system32\WS2_32.dll
0x000007fefdaf0000 - 0x000007fefdaf8000 	C:\Windows\system32\NSI.dll
0x000007fefcd90000 - 0x000007fefcde5000 	C:\Windows\system32\mswsock.dll
0x000007fefcd80000 - 0x000007fefcd87000 	C:\Windows\System32\wship6.dll
0x000007fefb2d0000 - 0x000007fefb2e5000 	C:\Windows\system32\NLAapi.dll
0x000007fef8f50000 - 0x000007fef8f65000 	C:\Windows\system32\napinsp.dll
0x000007fef8f30000 - 0x000007fef8f49000 	C:\Windows\system32\pnrpnsp.dll
0x000007fefcc10000 - 0x000007fefcc6b000 	C:\Windows\system32\DNSAPI.dll
0x000007fef8f00000 - 0x000007fef8f0b000 	C:\Windows\System32\winrnr.dll
0x000007fefc770000 - 0x000007fefc777000 	C:\Windows\System32\wshtcpip.dll
0x000007fef9fc0000 - 0x000007fef9fe7000 	C:\Windows\system32\IPHLPAPI.DLL
0x000007fef9fb0000 - 0x000007fef9fbb000 	C:\Windows\system32\WINNSI.DLL
0x000007fef82c0000 - 0x000007fef82c8000 	C:\Windows\system32\rasadhlp.dll
0x000007fef9de0000 - 0x000007fef9e33000 	C:\Windows\System32\fwpuclnt.dll
0x000000006d740000 - 0x000000006d746000 	C:\Program Files\Java\jdk1.6.0_26\jre\bin\rmi.dll
0x000000006d340000 - 0x000000006d3a6000 	C:\Program Files\Java\jdk1.6.0_26\jre\bin\fontmanager.dll
0x000007feefe90000 - 0x000007fef008f000 	C:\Windows\system32\d3d9.dll
0x000007fefc6a0000 - 0x000007fefc6ac000 	C:\Windows\system32\VERSION.dll
0x000007fefb200000 - 0x000007fefb207000 	C:\Windows\system32\d3d8thk.dll
0x0000000061880000 - 0x0000000061c68000 	C:\Windows\system32\atiumd64.dll
0x0000000062480000 - 0x0000000062719000 	C:\Windows\system32\atiumd6a.dll
0x000000006d6c0000 - 0x000000006d6cb000 	C:\Program Files\Java\jdk1.6.0_26\jre\bin\nio.dll
0x000000006d570000 - 0x000000006d5a5000 	C:\Program Files\Java\jdk1.6.0_26\jre\bin\jpeg.dll
0x000000006d270000 - 0x000000006d2ad000 	C:\Program Files\Java\jdk1.6.0_26\jre\bin\cmm.dll
0x000000006d5e0000 - 0x000000006d5ea000 	C:\Program Files\Java\jdk1.6.0_26\jre\bin\management.dll
0x000007feff100000 - 0x000007feff1d7000 	C:\Windows\system32\OLEAUT32.DLL
0x000000006d5b0000 - 0x000000006d5de000 	C:\Program Files\Java\jdk1.6.0_26\jre\bin\jsound.dll
0x000007fefb9d0000 - 0x000007fefba1b000 	C:\Windows\system32\MMDevAPI.DLL
0x000007fefbe40000 - 0x000007fefbf6c000 	C:\Windows\system32\PROPSYS.dll
0x000007fefad10000 - 0x000007fefad4b000 	C:\Windows\system32\wdmaud.drv
0x00000000746f0000 - 0x00000000746f6000 	C:\Windows\system32\ksuser.dll
0x000007fefb210000 - 0x000007fefb219000 	C:\Windows\system32\AVRT.dll
0x000007fefdb00000 - 0x000007fefdcd7000 	C:\Windows\system32\SETUPAPI.dll
0x000007fefd6f0000 - 0x000007fefd726000 	C:\Windows\system32\CFGMGR32.dll
0x000007fefd690000 - 0x000007fefd6aa000 	C:\Windows\system32\DEVOBJ.dll
0x000007fefb0d0000 - 0x000007fefb11f000 	C:\Windows\system32\AUDIOSES.DLL
0x000007fefb7a0000 - 0x000007fefb7aa000 	C:\Windows\system32\msacm32.drv
0x000007fefb810000 - 0x000007fefb828000 	C:\Windows\system32\MSACM32.dll
0x000007fefb800000 - 0x000007fefb809000 	C:\Windows\system32\midimap.dll
0x000007fefde10000 - 0x000007fefdea9000 	C:\Windows\system32\CLBCatQ.DLL
0x000007fefae20000 - 0x000007fefae4d000 	C:\Windows\system32\ntmarta.dll
0x000007fefef10000 - 0x000007fefef62000 	C:\Windows\system32\WLDAP32.dll
0x000007fef5b20000 - 0x000007fef5cbc000 	C:\Windows\system32\NetworkExplorer.dll
0x000007fef70b0000 - 0x000007fef70e4000 	C:\Windows\System32\shdocvw.dll
0x000007fefac80000 - 0x000007fefac8b000 	C:\Windows\system32\slc.dll
0x000007fefb840000 - 0x000007fefb96a000 	C:\Windows\system32\WindowsCodecs.dll
0x000007fef6b50000 - 0x000007fef6b85000 	C:\Windows\system32\EhStorShell.dll
0x000007fef6ad0000 - 0x000007fef6b50000 	C:\Windows\system32\ntshrui.dll
0x000007fefd310000 - 0x000007fefd333000 	C:\Windows\system32\srvcli.dll
0x000007fef7d70000 - 0x000007fef7d7f000 	C:\Windows\system32\cscapi.dll
0x000007fef6f70000 - 0x000007fef6f7a000 	C:\Windows\System32\drprov.dll
0x000007fefc980000 - 0x000007fefc9bd000 	C:\Windows\System32\WINSTA.dll
0x000007fef6f40000 - 0x000007fef6f62000 	C:\Windows\System32\ntlanman.dll
0x000007fef6f20000 - 0x000007fef6f3c000 	C:\Windows\System32\davclnt.dll
0x000007fef6f10000 - 0x000007fef6f1a000 	C:\Windows\System32\DAVHLPR.dll
0x000007fefb6d0000 - 0x000007fefb6e5000 	C:\Windows\system32\wkscli.dll
0x000007fefb6f0000 - 0x000007fefb6fc000 	C:\Windows\system32\netutils.dll
0x000007fef76d0000 - 0x000007fef778d000 	C:\Windows\system32\PortableDeviceApi.dll
0x000007fefd6b0000 - 0x000007fefd6ea000 	C:\Windows\system32\WINTRUST.dll
0x000007fefd730000 - 0x000007fefd897000 	C:\Windows\system32\CRYPT32.dll
0x000007fefd5e0000 - 0x000007fefd5ef000 	C:\Windows\system32\MSASN1.dll
0x000007feef920000 - 0x000007feef947000 	C:\Windows\system32\EhStorAPI.dll
0x000007fef71c0000 - 0x000007fef71cc000 	C:\Windows\system32\LINKINFO.dll
0x000007fefd3b0000 - 0x000007fefd3bb000 	C:\Windows\system32\Secur32.dll
0x000007fefb6b0000 - 0x000007fefb6c4000 	C:\Windows\system32\samcli.dll
0x000007fefc110000 - 0x000007fefc12d000 	C:\Windows\system32\SAMLIB.dll
0x000007fefa9b0000 - 0x000007fefaad5000 	C:\Windows\system32\dbghelp.dll

VM Arguments:
jvm_args: -Xincgc -Dapple.awt.graphics.UseQuartz=true-Xmx256M -Xdebug -Xnoagent -Xrunjdwp:transport=dt_shmem,address=javadebug 
java_command: bluej.runtime.ExecServer UTF-8
Launcher Type: SUN_STANDARD

Environment Variables:
CLASSPATH=.;C:\Program Files (x86)\Java\jre6\lib\ext\QTJava.zip;C:\Program Files (x86)\OpenNI\Bin\org.OpenNI.jar
PATH=C:\PHP\;C:\Windows\system32;C:\Windows;C:\Windows\System32\Wbem;C:\Windows\System32\WindowsPowerShell\v1.0\;C:\Program Files (x86)\ATI Technologies\ATI.ACE\Core-Static;C:\Program Files (x86)\QuickTime\QTSystem\;C:\Program Files\MySQL\MySQL Server 5.5\bin;C:\Program Files (x86)\OpenNI\Bin;C:\Program Files (x86)\PrimeSense\NITE\bin
USERNAME=bob
OS=Windows_NT
PROCESSOR_IDENTIFIER=Intel64 Family 6 Model 23 Stepping 6, GenuineIntel



---------------  S Y S T E M  ---------------

OS: Windows 7 Build 7601 Service Pack 1

CPU:total 2 (2 cores per cpu, 1 threads per core) family 6 model 23 stepping 6, cmov, cx8, fxsr, mmx, sse, sse2, sse3, ssse3, sse4.1

Memory: 4k page, physical 4160704k(1735040k free), swap 8370960k(2757904k free)

vm_info: Java HotSpot(TM) 64-Bit Server VM (20.1-b02) for windows-amd64 JRE (1.6.0_26-b03), built on May  4 2011 07:15:24 by "java_re" with MS VC++ 8.0 (VS2005)

time: Wed Apr 04 05:58:10 2012
elapsed time: 27775 seconds

